<?xml version="1.0" encoding="UTF-8"?>
<testsuites>
  <testsuite name="security-checks" tests="3" failures="1" errors="1">
    <testcase classname="tls" name="enforces_tls_1_2">
      <failure message="TLS 1.0 is still enabled">server accepted a TLS 1.0 handshake</failure>
    </testcase>
    <testcase classname="auth" name="mfa_required">
      <error message="check crashed">panic: nil pointer in mfa probe</error>
    </testcase>
    <testcase classname="headers" name="csp_present"></testcase>
  </testsuite>
</testsuites>
