<?xml version="1.0" encoding="UTF-8"?>
<testsuites>
  <testsuite name="pytest" tests="2" failures="1">
    <testcase classname="outer" name="outer_ok"></testcase>
    <testsuite name="nested-module" tests="1" failures="1">
      <testcase classname="tests.test_login" name="test_admin_login" file="tests/test_login.py" line="42">
        <failure message="assert 401 == 200">AssertionError: admin login rejected</failure>
        <system-out>DEBUG: sending POST /login</system-out>
        <system-err>WARNING: retrying request</system-err>
      </testcase>
    </testsuite>
  </testsuite>
</testsuites>
